<?xml version="1.0" encoding="UTF-8"?>
<!-- Generated by org.testng.reporters.JUnitXMLReporter -->
<testsuite ignored="0" hostname="Rajat1" failures="0" tests="7" name="mytest" time="32.108" errors="0" timestamp="2024-08-18T18:16:44 IST">
  <testcase classname="testCase.OrangeHrmTestCase" name="openapp" time="26.202"/>
  <testcase classname="testCase.OrangeHrmTestCase" name="testLogo" time="0.819"/>
  <testcase classname="testCase.OrangeHrmTestCase" name="login" time="4.679"/>
  <testcase classname="testCase.OrangeHrmTestCase" name="closeapp" time="0.315"/>
  <testcase classname="testCase.TestCase1" name="openapp" time="0.002"/>
  <testcase classname="testCase.TestCase1" name="login" time="0.003"/>
  <testcase classname="testCase.TestCase1" name="logout" time="0.003"/>
</testsuite> <!-- mytest -->
