<?xml version="1.0" encoding="UTF-8"?>
<!-- Generated by org.testng.reporters.JUnitXMLReporter -->
<testsuite ignored="0" hostname="Rajat1" failures="0" tests="3" name="ChromeTest" time="24.295" errors="0" timestamp="2024-08-22T19:23:51 IST">
  <testcase classname="DataProviders.ParllelTesting" name="Title" time="5.03"/>
  <testcase classname="DataProviders.ParllelTesting" name="URL" time="5.031"/>
  <testcase classname="DataProviders.ParllelTesting" name="logo" time="5.088"/>
</testsuite> <!-- ChromeTest -->
