<?xml version="1.0" encoding="UTF-8"?>
<!-- Generated by org.testng.reporters.JUnitXMLReporter -->
<testsuite ignored="0" hostname="Rajat1" failures="0" tests="3" name="EdgeTest" time="24.4" errors="0" timestamp="2024-08-22T19:23:51 IST">
  <testcase classname="DataProviders.ParllelTesting" name="Title" time="5.045"/>
  <testcase classname="DataProviders.ParllelTesting" name="URL" time="5.012"/>
  <testcase classname="DataProviders.ParllelTesting" name="logo" time="5.085"/>
</testsuite> <!-- EdgeTest -->
