<?xml version="1.0" encoding="UTF-8"?>
<!-- Generated by org.testng.reporters.JUnitXMLReporter -->
<testsuite ignored="0" hostname="Rajat1" failures="0" tests="3" name="Test" time="29.921" errors="0" timestamp="2024-08-22T19:07:10 IST">
  <testcase classname="DataProviders.ParllelTesting" name="Title" time="5.021"/>
  <testcase classname="DataProviders.ParllelTesting" name="URL" time="0.01"/>
  <testcase classname="DataProviders.ParllelTesting" name="logo" time="5.055"/>
</testsuite> <!-- Test -->
