<?xml version="1.0" encoding="UTF-8"?>
<testng-results ignored="0" total="1" passed="1" failed="0" skipped="0">
  <reporter-output>
  </reporter-output>
  <suite started-at="2024-08-24T13:49:34 IST" name="Default suite" finished-at="2024-08-24T13:49:41 IST" duration-ms="6862">
    <groups>
    </groups>
    <test started-at="2024-08-24T13:49:34 IST" name="Default test" finished-at="2024-08-24T13:49:41 IST" duration-ms="6862">
      <class name="pageObjectClasses.LoginTest">
        <test-method is-config="true" signature="setup()[pri:0, instance:pageObjectClasses.LoginTest@1ed4ae0f]" started-at="2024-08-24T13:49:34 IST" name="setup" finished-at="2024-08-24T13:49:39 IST" duration-ms="4878" status="PASS">
          <reporter-output>
          </reporter-output>
        </test-method> <!-- setup -->
        <test-method signature="testLogin()[pri:0, instance:pageObjectClasses.LoginTest@1ed4ae0f]" started-at="2024-08-24T13:49:39 IST" name="testLogin" finished-at="2024-08-24T13:49:41 IST" duration-ms="1683" status="PASS">
          <reporter-output>
          </reporter-output>
        </test-method> <!-- testLogin -->
        <test-method is-config="true" signature="tearDown()[pri:0, instance:pageObjectClasses.LoginTest@1ed4ae0f]" started-at="2024-08-24T13:49:41 IST" name="tearDown" finished-at="2024-08-24T13:49:41 IST" duration-ms="253" status="PASS">
          <reporter-output>
          </reporter-output>
        </test-method> <!-- tearDown -->
      </class> <!-- pageObjectClasses.LoginTest -->
    </test> <!-- Default test -->
  </suite> <!-- Default suite -->
</testng-results>
