<?xml version="1.0" encoding="UTF-8"?>
<!-- Generated by org.testng.reporters.JUnitXMLReporter -->
<testsuite ignored="4" hostname="Rajat1" failures="0" tests="2" name="grouptest" time="0.056" errors="0" timestamp="2024-08-21T20:30:27 IST">
  <testcase classname="grouping.paymentTest" name="paymentDollar" time="0.006"/>
  <testcase classname="grouping.paymentTest" name="paymentRupee" time="0.003"/>
  <testcase classname="grouping.loginTest" name="loginbyemail" time="0.0">
    <ignored/>
  </testcase> <!-- loginbyemail -->
  <testcase classname="grouping.signupTest" name="signupbyemail" time="0.0">
    <ignored/>
  </testcase> <!-- signupbyemail -->
  <testcase classname="grouping.loginTest" name="loginbynumber" time="0.0">
    <ignored/>
  </testcase> <!-- loginbynumber -->
  <testcase classname="grouping.signupTest" name="signupbynumber" time="0.0">
    <ignored/>
  </testcase> <!-- signupbynumber -->
</testsuite> <!-- grouptest -->
